{"C:\\Users\\USER\\Documents\\Express\\scr\\index.ts": {"path":"C:\\Users\\USER\\Documents\\Express\\scr\\index.ts","statementMap":{"0":{"start":{"line":1,"column":0},"end":{"line":1,"column":30}},"1":{"start":{"line":2,"column":0},"end":{"line":2,"column":24}},"2":{"start":{"line":3,"column":0},"end":{"line":3,"column":37}},"3":{"start":{"line":4,"column":0},"end":{"line":4,"column":41}},"4":{"start":{"line":5,"column":0},"end":{"line":5,"column":38}},"5":{"start":{"line":6,"column":0},"end":{"line":6,"column":24}},"6":{"start":{"line":7,"column":0},"end":{"line":7,"column":32}},"7":{"start":{"line":8,"column":0},"end":{"line":8,"column":30}},"8":{"start":{"line":9,"column":0},"end":{"line":9,"column":53}},"9":{"start":{"line":11,"column":0},"end":{"line":11,"column":68}},"10":{"start":{"line":13,"column":0},"end":{"line":13,"column":28}},"11":{"start":{"line":14,"column":0},"end":{"line":14,"column":16}},"12":{"start":{"line":16,"column":17},"end":{"line":16,"column":48}},"13":{"start":{"line":19,"column":12},"end":{"line":19,"column":21}},"14":{"start":{"line":22,"column":0},"end":{"line":24,"column":4}},"15":{"start":{"line":26,"column":0},"end":{"line":26,"column":23}},"16":{"start":{"line":27,"column":0},"end":{"line":27,"column":24}},"17":{"start":{"line":28,"column":0},"end":{"line":28,"column":27}},"18":{"start":{"line":31,"column":15},"end":{"line":31,"column":37}},"19":{"start":{"line":32,"column":11},"end":{"line":32,"column":37}},"20":{"start":{"line":34,"column":9},"end":{"line":34,"column":11}},"21":{"start":{"line":37,"column":0},"end":{"line":37,"column":9}},"22":{"start":{"line":39,"column":0},"end":{"line":39,"column":21}},"23":{"start":{"line":42,"column":0},"end":{"line":44,"column":3}},"24":{"start":{"line":43,"column":4},"end":{"line":43,"column":61}},"25":{"start":{"line":48,"column":18},"end":{"line":48,"column":26}},"26":{"start":{"line":51,"column":0},"end":{"line":51,"column":27}},"27":{"start":{"line":52,"column":0},"end":{"line":52,"column":null}},"28":{"start":{"line":53,"column":0},"end":{"line":53,"column":70}},"29":{"start":{"line":53,"column":50},"end":{"line":53,"column":68}},"30":{"start":{"line":56,"column":0},"end":{"line":56,"column":23}},"31":{"start":{"line":58,"column":0},"end":{"line":58,"column":19}}},"fnMap":{"0":{"name":"(anonymous_1)","decl":{"start":{"line":42,"column":20},"end":{"line":42,"column":23}},"loc":{"start":{"line":42,"column":25},"end":{"line":44,"column":1}}},"1":{"name":"(anonymous_2)","decl":{"start":{"line":53,"column":32},"end":{"line":53,"column":33}},"loc":{"start":{"line":53,"column":50},"end":{"line":53,"column":68}}}},"branchMap":{},"s":{"0":2,"1":2,"2":2,"3":2,"4":2,"5":2,"6":2,"7":2,"8":2,"9":2,"10":2,"11":2,"12":2,"13":2,"14":2,"15":2,"16":2,"17":2,"18":2,"19":2,"20":2,"21":2,"22":2,"23":2,"24":0,"25":2,"26":2,"27":2,"28":2,"29":0,"30":2,"31":2},"f":{"0":0,"1":0},"b":{}}
}
